<?xml version="1.0" encoding="UTF-8"?>
<!-- Generated by org.testng.reporters.JUnitReportReporter -->
<testsuite ignored="0" hostname="INLEN8520087177" failures="0" tests="1" name="com.app.test.VerifyLogin" time="44.492" errors="0" timestamp="09 Jan 2023 12:57:12 GMT" skipped="0">
  <testcase classname="com.app.test.VerifyLogin" name="verifyLogin" time="44.492"/>
</testsuite> <!-- com.app.test.VerifyLogin -->
