<?xml version="1.0" encoding="UTF-8"?>
<!-- Generated by org.testng.reporters.JUnitReportReporter -->
<testsuite ignored="0" hostname="INLEN8520087177" failures="0" tests="1" name="com.app.test.AddElements" time="27.247" errors="0" timestamp="09 Jan 2023 12:55:30 GMT" skipped="0">
  <testcase classname="com.app.test.AddElements" name="verifyAddtoCart" time="27.247"/>
</testsuite> <!-- com.app.test.AddElements -->
